# JRE version: OpenJDK Runtime Environment (8.0_202) (build 1.8.0_202-release-1483-b49-5587405)
# Java VM: OpenJDK 64-Bit Server VM (25.202-b49-5587405 mixed mode linux-amd64 compressed oops)
Heap:
 def new generation   total 32192K, used 0K [0x0000000080000000, 0x00000000822e0000, 0x00000000aaaa0000)
  eden space 28672K,   0% used [0x0000000080000000, 0x0000000080000000, 0x0000000081c00000)
  from space 3520K,   0% used [0x0000000081c00000, 0x0000000081c00000, 0x0000000081f70000)
  to   space 3520K,   0% used [0x0000000081f70000, 0x0000000081f70000, 0x00000000822e0000)
 tenured generation   total 72444K, used 57925K [0x00000000aaaa0000, 0x00000000af15f000, 0x0000000100000000)
   the space 72444K,  79% used [0x00000000aaaa0000, 0x00000000ae331410, 0x00000000ae331600, 0x00000000af15f000)
 Metaspace       used 101011K, capacity 103534K, committed 103896K, reserved 1138688K
  class space    used 13132K, capacity 13738K, committed 13824K, reserved 1048576K
GC Heap History (10 events):
Event: 343.230 GC heap after
Heap after GC invocations=52 (full 4):
 def new generation   total 32192K, used 3520K [0x0000000080000000, 0x00000000822e0000, 0x00000000aaaa0000)
  eden space 28672K,   0% used [0x0000000080000000, 0x0000000080000000, 0x0000000081c00000)
  from space 3520K, 100% used [0x0000000081f70000, 0x00000000822e0000, 0x00000000822e0000)
  to   space 3520K,   0% used [0x0000000081c00000, 0x0000000081c00000, 0x0000000081f70000)
 tenured generation   total 71100K, used 50887K [0x00000000aaaa0000, 0x00000000af00f000, 0x0000000100000000)
   the space 71100K,  71% used [0x00000000aaaa0000, 0x00000000adc51e50, 0x00000000adc52000, 0x00000000af00f000)
 Metaspace       used 77704K, capacity 79956K, committed 80216K, reserved 1118208K
  class space    used 9961K, capacity 10507K, committed 10624K, reserved 1048576K
}
Event: 351.634 GC heap before
{Heap before GC invocations=52 (full 4):
 def new generation   total 32192K, used 32190K [0x0000000080000000, 0x00000000822e0000, 0x00000000aaaa0000)
  eden space 28672K,  99% used [0x0000000080000000, 0x0000000081bff828, 0x0000000081c00000)
  from space 3520K, 100% used [0x0000000081f70000, 0x00000000822e0000, 0x00000000822e0000)
  to   space 3520K,   0% used [0x0000000081c00000, 0x0000000081c00000, 0x0000000081f70000)
 tenured generation   total 71100K, used 50887K [0x00000000aaaa0000, 0x00000000af00f000, 0x0000000100000000)
   the space 71100K,  71% used [0x00000000aaaa0000, 0x00000000adc51e50, 0x00000000adc52000, 0x00000000af00f000)
 Metaspace       used 78393K, capacity 80600K, committed 80728K, reserved 1120256K
  class space    used 10027K, capacity 10561K, committed 10624K, reserved 1048576K
Event: 351.683 GC heap after
Heap after GC invocations=53 (full 4):
 def new generation   total 32192K, used 1060K [0x0000000080000000, 0x00000000822e0000, 0x00000000aaaa0000)
  eden space 28672K,   0% used [0x0000000080000000, 0x0000000080000000, 0x0000000081c00000)
  from space 3520K,  30% used [0x0000000081c00000, 0x0000000081d092f0, 0x0000000081f70000)
  to   space 3520K,   0% used [0x0000000081f70000, 0x0000000081f70000, 0x00000000822e0000)
 tenured generation   total 71100K, used 52182K [0x00000000aaaa0000, 0x00000000af00f000, 0x0000000100000000)
   the space 71100K,  73% used [0x00000000aaaa0000, 0x00000000add95ae8, 0x00000000add95c00, 0x00000000af00f000)
 Metaspace       used 78393K, capacity 80600K, committed 80728K, reserved 1120256K
  class space    used 10027K, capacity 10561K, committed 10624K, reserved 1048576K
}
Event: 362.542 GC heap before
{Heap before GC invocations=53 (full 4):
 def new generation   total 32192K, used 29732K [0x0000000080000000, 0x00000000822e0000, 0x00000000aaaa0000)
  eden space 28672K, 100% used [0x0000000080000000, 0x0000000081c00000, 0x0000000081c00000)
  from space 3520K,  30% used [0x0000000081c00000, 0x0000000081d092f0, 0x0000000081f70000)
  to   space 3520K,   0% used [0x0000000081f70000, 0x0000000081f70000, 0x00000000822e0000)
 tenured generation   total 71100K, used 52182K [0x00000000aaaa0000, 0x00000000af00f000, 0x0000000100000000)
   the space 71100K,  73% used [0x00000000aaaa0000, 0x00000000add95ae8, 0x00000000add95c00, 0x00000000af00f000)
 Metaspace       used 84470K, capacity 86810K, committed 87128K, reserved 1124352K
  class space    used 10722K, capacity 11312K, committed 11392K, reserved 1048576K
Event: 362.657 GC heap after
Heap after GC invocations=54 (full 4):
 def new generation   total 32192K, used 3519K [0x0000000080000000, 0x00000000822e0000, 0x00000000aaaa0000)
  eden space 28672K,   0% used [0x0000000080000000, 0x0000000080000000, 0x0000000081c00000)
  from space 3520K,  99% used [0x0000000081f70000, 0x00000000822dfff8, 0x00000000822e0000)
  to   space 3520K,   0% used [0x0000000081c00000, 0x0000000081c00000, 0x0000000081f70000)
 tenured generation   total 71100K, used 55422K [0x00000000aaaa0000, 0x00000000af00f000, 0x0000000100000000)
   the space 71100K,  77% used [0x00000000aaaa0000, 0x00000000ae0bfa40, 0x00000000ae0bfc00, 0x00000000af00f000)
 Metaspace       used 84470K, capacity 86810K, committed 87128K, reserved 1124352K
  class space    used 10722K, capacity 11312K, committed 11392K, reserved 1048576K
}
Event: 383.853 GC heap before
{Heap before GC invocations=54 (full 4):
 def new generation   total 32192K, used 32191K [0x0000000080000000, 0x00000000822e0000, 0x00000000aaaa0000)
  eden space 28672K, 100% used [0x0000000080000000, 0x0000000081c00000, 0x0000000081c00000)
  from space 3520K,  99% used [0x0000000081f70000, 0x00000000822dfff8, 0x00000000822e0000)
  to   space 3520K,   0% used [0x0000000081c00000, 0x0000000081c00000, 0x0000000081f70000)
 tenured generation   total 71100K, used 55422K [0x00000000aaaa0000, 0x00000000af00f000, 0x0000000100000000)
   the space 71100K,  77% used [0x00000000aaaa0000, 0x00000000ae0bfa40, 0x00000000ae0bfc00, 0x00000000af00f000)
 Metaspace       used 87974K, capacity 90454K, committed 90584K, reserved 1128448K
  class space    used 11135K, capacity 11738K, committed 11776K, reserved 1048576K
Event: 384.204 GC heap after
Heap after GC invocations=55 (full 4):
 def new generation   total 32192K, used 3520K [0x0000000080000000, 0x00000000822e0000, 0x00000000aaaa0000)
  eden space 28672K,   0% used [0x0000000080000000, 0x0000000080000000, 0x0000000081c00000)
  from space 3520K, 100% used [0x0000000081c00000, 0x0000000081f70000, 0x0000000081f70000)
  to   space 3520K,   0% used [0x0000000081f70000, 0x0000000081f70000, 0x00000000822e0000)
 tenured generation   total 71100K, used 59922K [0x00000000aaaa0000, 0x00000000af00f000, 0x0000000100000000)
   the space 71100K,  84% used [0x00000000aaaa0000, 0x00000000ae524b90, 0x00000000ae524c00, 0x00000000af00f000)
 Metaspace       used 87974K, capacity 90454K, committed 90584K, reserved 1128448K
  class space    used 11135K, capacity 11738K, committed 11776K, reserved 1048576K
}
Event: 398.710 GC heap before
{Heap before GC invocations=55 (full 4):
 def new generation   total 32192K, used 32192K [0x0000000080000000, 0x00000000822e0000, 0x00000000aaaa0000)
  eden space 28672K, 100% used [0x0000000080000000, 0x0000000081c00000, 0x0000000081c00000)
  from space 3520K, 100% used [0x0000000081c00000, 0x0000000081f70000, 0x0000000081f70000)
  to   space 3520K,   0% used [0x0000000081f70000, 0x0000000081f70000, 0x00000000822e0000)
 tenured generation   total 71100K, used 59922K [0x00000000aaaa0000, 0x00000000af00f000, 0x0000000100000000)
   the space 71100K,  84% used [0x00000000aaaa0000, 0x00000000ae524b90, 0x00000000ae524c00, 0x00000000af00f000)
 Metaspace       used 93515K, capacity 95976K, committed 96216K, reserved 1132544K
  class space    used 12102K, capacity 12701K, committed 12800K, reserved 1048576K
Event: 399.150 GC heap after
Heap after GC invocations=56 (full 4):
 def new generation   total 32192K, used 3520K [0x0000000080000000, 0x00000000822e0000, 0x00000000aaaa0000)
  eden space 28672K,   0% used [0x0000000080000000, 0x0000000080000000, 0x0000000081c00000)
  from space 3520K, 100% used [0x0000000081f70000, 0x00000000822e0000, 0x00000000822e0000)
  to   space 3520K,   0% used [0x0000000081c00000, 0x0000000081c00000, 0x0000000081f70000)
 tenured generation   total 71100K, used 67017K [0x00000000aaaa0000, 0x00000000af00f000, 0x0000000100000000)
   the space 71100K,  94% used [0x00000000aaaa0000, 0x00000000aec12538, 0x00000000aec12600, 0x00000000af00f000)
 Metaspace       used 93515K, capacity 95976K, committed 96216K, reserved 1132544K
  class space    used 12102K, capacity 12701K, committed 12800K, reserved 1048576K
}
Event: 544.241 GC heap before
{Heap before GC invocations=56 (full 4):
 def new generation   total 32192K, used 32192K [0x0000000080000000, 0x00000000822e0000, 0x00000000aaaa0000)
  eden space 28672K, 100% used [0x0000000080000000, 0x0000000081c00000, 0x0000000081c00000)
  from space 3520K, 100% used [0x0000000081f70000, 0x00000000822e0000, 0x00000000822e0000)
  to   space 3520K,   0% used [0x0000000081c00000, 0x0000000081c00000, 0x0000000081f70000)
 tenured generation   total 71100K, used 67017K [0x00000000aaaa0000, 0x00000000af00f000, 0x0000000100000000)
   the space 71100K,  94% used [0x00000000aaaa0000, 0x00000000aec12538, 0x00000000aec12600, 0x00000000af00f000)
 Metaspace       used 101011K, capacity 103534K, committed 103896K, reserved 1138688K
  class space    used 13132K, capacity 13738K, committed 13824K, reserved 1048576K

